2018-07-11 09:40:38.725 [restartedMain] DEBUG com.njfu.selection.SelectionApplication - Running with Spring Boot v2.0.2.RELEASE, Spring v5.0.6.RELEASE
2018-07-11 09:41:32.271 [http-nio-1314-exec-2] DEBUG com.njfu.selection.service.impl.StudentServiceImpl - <----------findStudentPasswordById---------->
2018-07-11 09:41:32.907 [http-nio-1314-exec-2] DEBUG c.n.selection.dao.StudentDao.queryStudentPasswordById - ==>  Preparing: SELECT student_id, student_name, password FROM tb_student WHERE student_id = ? 
2018-07-11 09:41:33.006 [http-nio-1314-exec-2] DEBUG c.n.selection.dao.StudentDao.queryStudentPasswordById - ==> Parameters: 150804214(Long)
2018-07-11 09:41:33.046 [http-nio-1314-exec-2] DEBUG c.n.selection.dao.StudentDao.queryStudentPasswordById - <==      Total: 1
2018-07-11 09:41:50.304 [http-nio-1314-exec-1] DEBUG com.njfu.selection.service.impl.TeacherServiceImpl - <----------findTeacherPasswordById---------->
2018-07-11 09:41:50.326 [http-nio-1314-exec-1] DEBUG c.n.selection.dao.TeacherDao.queryTeacherPasswordById - ==>  Preparing: SELECT teacher_id, teacher_name, password FROM tb_teacher WHERE teacher_id = ? 
2018-07-11 09:41:50.326 [http-nio-1314-exec-1] DEBUG c.n.selection.dao.TeacherDao.queryTeacherPasswordById - ==> Parameters: 150804205(Long)
2018-07-11 09:41:50.330 [http-nio-1314-exec-1] DEBUG c.n.selection.dao.TeacherDao.queryTeacherPasswordById - <==      Total: 1
2018-07-11 09:42:03.606 [http-nio-1314-exec-8] DEBUG com.njfu.selection.service.impl.AdminServiceImpl - <----------findAdminPasswordById---------->
2018-07-11 09:42:03.617 [http-nio-1314-exec-8] DEBUG com.njfu.selection.dao.AdminDao.queryAdminPasswordById - ==>  Preparing: SELECT admin_id, admin_name, password FROM tb_admin WHERE admin_id = ? 
2018-07-11 09:42:03.619 [http-nio-1314-exec-8] DEBUG com.njfu.selection.dao.AdminDao.queryAdminPasswordById - ==> Parameters: 150804213(Long)
2018-07-11 09:42:03.623 [http-nio-1314-exec-8] DEBUG com.njfu.selection.dao.AdminDao.queryAdminPasswordById - <==      Total: 1
2018-07-11 09:42:08.996 [http-nio-1314-exec-6] DEBUG com.njfu.selection.service.impl.StudentServiceImpl - <----------studentGetTeacherDesignInfo---------->
2018-07-11 09:42:08.999 [http-nio-1314-exec-6] DEBUG c.n.selection.dao.StudentDao.queryStudentPasswordById - ==>  Preparing: SELECT student_id, student_name, password FROM tb_student WHERE student_id = ? 
2018-07-11 09:42:09.001 [http-nio-1314-exec-6] DEBUG c.n.selection.dao.StudentDao.queryStudentPasswordById - ==> Parameters: 150804214(Long)
2018-07-11 09:42:09.005 [http-nio-1314-exec-6] DEBUG c.n.selection.dao.StudentDao.queryStudentPasswordById - <==      Total: 1
2018-07-11 09:42:09.008 [http-nio-1314-exec-6] DEBUG c.n.s.dao.DesignDao.queryAllDesignByEnableStatus234 - ==>  Preparing: SELECT design_id, design_name, teacher_id, create_time, file_address, file_name, enable_status FROM tb_design WHERE enable_status = 2 OR enable_status = 3 
2018-07-11 09:42:09.011 [http-nio-1314-exec-6] DEBUG c.n.s.dao.DesignDao.queryAllDesignByEnableStatus234 - ==> Parameters: 
2018-07-11 09:42:09.025 [http-nio-1314-exec-6] DEBUG c.n.s.dao.DesignDao.queryAllDesignByEnableStatus234 - <==      Total: 2
2018-07-11 09:42:09.027 [http-nio-1314-exec-6] DEBUG com.njfu.selection.dao.TeacherDao.queryTeacherNameById - ==>  Preparing: SELECT teacher_name FROM tb_teacher WHERE teacher_id = ? 
2018-07-11 09:42:09.028 [http-nio-1314-exec-6] DEBUG com.njfu.selection.dao.TeacherDao.queryTeacherNameById - ==> Parameters: 150804205(Long)
2018-07-11 09:42:09.045 [http-nio-1314-exec-6] DEBUG com.njfu.selection.dao.TeacherDao.queryTeacherNameById - <==      Total: 1
2018-07-11 09:42:09.046 [http-nio-1314-exec-6] DEBUG com.njfu.selection.dao.TeacherDao.queryTeacherNameById - ==>  Preparing: SELECT teacher_name FROM tb_teacher WHERE teacher_id = ? 
2018-07-11 09:42:09.047 [http-nio-1314-exec-6] DEBUG com.njfu.selection.dao.TeacherDao.queryTeacherNameById - ==> Parameters: 150804205(Long)
2018-07-11 09:42:09.050 [http-nio-1314-exec-6] DEBUG com.njfu.selection.dao.TeacherDao.queryTeacherNameById - <==      Total: 1
2018-07-11 09:47:10.869 [restartedMain] DEBUG com.njfu.selection.SelectionApplication - Running with Spring Boot v2.0.2.RELEASE, Spring v5.0.6.RELEASE
2018-07-11 09:48:00.248 [http-nio-1314-exec-2] DEBUG com.njfu.selection.service.impl.StudentServiceImpl - <----------studentGetTeacherDesignInfo---------->
2018-07-11 09:48:00.487 [http-nio-1314-exec-2] DEBUG c.n.selection.dao.StudentDao.queryStudentPasswordById - ==>  Preparing: SELECT student_id, student_name, password FROM tb_student WHERE student_id = ? 
2018-07-11 09:48:00.546 [http-nio-1314-exec-2] DEBUG c.n.selection.dao.StudentDao.queryStudentPasswordById - ==> Parameters: 150804214(Long)
2018-07-11 09:48:00.577 [http-nio-1314-exec-2] DEBUG c.n.selection.dao.StudentDao.queryStudentPasswordById - <==      Total: 1
2018-07-11 09:48:00.577 [http-nio-1314-exec-2] DEBUG c.n.s.dao.DesignDao.queryAllDesignByEnableStatus234 - ==>  Preparing: SELECT design_id, design_name, teacher_id, create_time, file_address, file_name, enable_status FROM tb_design WHERE enable_status = 2 OR enable_status = 3 
2018-07-11 09:48:00.577 [http-nio-1314-exec-2] DEBUG c.n.s.dao.DesignDao.queryAllDesignByEnableStatus234 - ==> Parameters: 
2018-07-11 09:48:00.587 [http-nio-1314-exec-2] DEBUG c.n.s.dao.DesignDao.queryAllDesignByEnableStatus234 - <==      Total: 2
2018-07-11 09:48:00.587 [http-nio-1314-exec-2] DEBUG com.njfu.selection.dao.TeacherDao.queryTeacherNameById - ==>  Preparing: SELECT teacher_name FROM tb_teacher WHERE teacher_id = ? 
2018-07-11 09:48:00.587 [http-nio-1314-exec-2] DEBUG com.njfu.selection.dao.TeacherDao.queryTeacherNameById - ==> Parameters: 150804205(Long)
2018-07-11 09:48:00.597 [http-nio-1314-exec-2] DEBUG com.njfu.selection.dao.TeacherDao.queryTeacherNameById - <==      Total: 1
2018-07-11 09:48:00.597 [http-nio-1314-exec-2] DEBUG com.njfu.selection.dao.TeacherDao.queryTeacherNameById - ==>  Preparing: SELECT teacher_name FROM tb_teacher WHERE teacher_id = ? 
2018-07-11 09:48:00.597 [http-nio-1314-exec-2] DEBUG com.njfu.selection.dao.TeacherDao.queryTeacherNameById - ==> Parameters: 150804205(Long)
2018-07-11 09:48:00.597 [http-nio-1314-exec-2] DEBUG com.njfu.selection.dao.TeacherDao.queryTeacherNameById - <==      Total: 1
2018-07-11 09:48:04.872 [http-nio-1314-exec-4] DEBUG com.njfu.selection.service.impl.StudentServiceImpl - <----------studentApplyTeacherDesignInfo---------->
2018-07-11 09:48:04.889 [http-nio-1314-exec-4] DEBUG c.njfu.selection.dao.ProjectDao.queryProjectByStudentID - ==>  Preparing: SELECT project_id, design_id, student_id, create_time, enable_status FROM tb_project WHERE student_id = ? 
2018-07-11 09:48:04.891 [http-nio-1314-exec-4] DEBUG c.njfu.selection.dao.ProjectDao.queryProjectByStudentID - ==> Parameters: 150804214(Long)
2018-07-11 09:48:04.900 [http-nio-1314-exec-4] DEBUG c.njfu.selection.dao.ProjectDao.queryProjectByStudentID - <==      Total: 1
2018-07-11 09:48:34.775 [http-nio-1314-exec-5] DEBUG com.njfu.selection.service.impl.StudentServiceImpl - <----------studentApplyTeacherDesignInfo---------->
2018-07-11 09:48:34.777 [http-nio-1314-exec-5] DEBUG c.njfu.selection.dao.ProjectDao.queryProjectByStudentID - ==>  Preparing: SELECT project_id, design_id, student_id, create_time, enable_status FROM tb_project WHERE student_id = ? 
2018-07-11 09:48:34.778 [http-nio-1314-exec-5] DEBUG c.njfu.selection.dao.ProjectDao.queryProjectByStudentID - ==> Parameters: 150804214(Long)
2018-07-11 09:48:34.781 [http-nio-1314-exec-5] DEBUG c.njfu.selection.dao.ProjectDao.queryProjectByStudentID - <==      Total: 0
2018-07-11 09:48:34.783 [http-nio-1314-exec-5] DEBUG c.n.selection.dao.DesignDao.queryDesignInfoByDesignId - ==>  Preparing: SELECT design_id, design_name, teacher_id, create_time, file_address, file_name, enable_status FROM tb_design WHERE design_id = ? 
2018-07-11 09:48:34.785 [http-nio-1314-exec-5] DEBUG c.n.selection.dao.DesignDao.queryDesignInfoByDesignId - ==> Parameters: 20180710174850(String)
2018-07-11 09:48:34.790 [http-nio-1314-exec-5] DEBUG c.n.selection.dao.DesignDao.queryDesignInfoByDesignId - <==      Total: 1
2018-07-11 09:48:34.792 [http-nio-1314-exec-5] DEBUG com.njfu.selection.dao.ProjectDao.addProject - ==>  Preparing: INSERT INTO tb_project (project_id, design_id, student_id, create_time, file_address, file_name, enable_status) VALUES (?, ?, ?, ?, ?, ?, ?) 
2018-07-11 09:48:34.795 [http-nio-1314-exec-5] DEBUG com.njfu.selection.dao.ProjectDao.addProject - ==> Parameters: 20180711094834(String), 20180710174850(String), 150804214(Long), 2018-07-11 09:48:34.791(Timestamp), null, null, 0(Integer)
2018-07-11 09:48:34.869 [http-nio-1314-exec-5] DEBUG com.njfu.selection.dao.ProjectDao.addProject - <==    Updates: 1
2018-07-11 09:48:48.125 [http-nio-1314-exec-6] DEBUG com.njfu.selection.service.impl.StudentServiceImpl - <----------studentApplyTeacherDesignInfo---------->
2018-07-11 09:48:48.126 [http-nio-1314-exec-6] DEBUG c.njfu.selection.dao.ProjectDao.queryProjectByStudentID - ==>  Preparing: SELECT project_id, design_id, student_id, create_time, enable_status FROM tb_project WHERE student_id = ? 
2018-07-11 09:48:48.127 [http-nio-1314-exec-6] DEBUG c.njfu.selection.dao.ProjectDao.queryProjectByStudentID - ==> Parameters: 150804214(Long)
2018-07-11 09:48:48.132 [http-nio-1314-exec-6] DEBUG c.njfu.selection.dao.ProjectDao.queryProjectByStudentID - <==      Total: 1
2018-07-11 09:52:11.954 [http-nio-1314-exec-1] DEBUG c.n.selection.dao.DesignDao.queryAllDesignByTeacherId - ==>  Preparing: SELECT design_id, design_name, teacher_id, create_time, file_address, file_name, enable_status FROM tb_design WHERE teacher_id = ? 
2018-07-11 09:52:11.956 [http-nio-1314-exec-1] DEBUG c.n.selection.dao.DesignDao.queryAllDesignByTeacherId - ==> Parameters: 150804205(Long)
2018-07-11 09:52:11.961 [http-nio-1314-exec-1] DEBUG c.n.selection.dao.DesignDao.queryAllDesignByTeacherId - <==      Total: 4
2018-07-11 10:11:07.497 [http-nio-1314-exec-5] DEBUG com.njfu.selection.service.impl.AdminServiceImpl - <----------updateAdminEnsureDesign---------->
2018-07-11 10:11:07.508 [http-nio-1314-exec-5] DEBUG com.njfu.selection.dao.AdminDao.queryAdminPasswordById - ==>  Preparing: SELECT admin_id, admin_name, password FROM tb_admin WHERE admin_id = ? 
2018-07-11 10:11:07.509 [http-nio-1314-exec-5] DEBUG com.njfu.selection.dao.AdminDao.queryAdminPasswordById - ==> Parameters: 150804213(Long)
2018-07-11 10:11:07.512 [http-nio-1314-exec-5] DEBUG com.njfu.selection.dao.AdminDao.queryAdminPasswordById - <==      Total: 1
2018-07-11 10:11:07.514 [http-nio-1314-exec-5] DEBUG c.n.s.dao.DesignDao.queryAllDesignByEnableStatus10 - ==>  Preparing: SELECT design_id, design_name, teacher_id, create_time, file_address, file_name, enable_status FROM tb_design WHERE enable_status = -1 OR enable_status = 0 
2018-07-11 10:11:07.514 [http-nio-1314-exec-5] DEBUG c.n.s.dao.DesignDao.queryAllDesignByEnableStatus10 - ==> Parameters: 
2018-07-11 10:11:07.518 [http-nio-1314-exec-5] DEBUG c.n.s.dao.DesignDao.queryAllDesignByEnableStatus10 - <==      Total: 2
2018-07-11 10:11:07.519 [http-nio-1314-exec-5] DEBUG com.njfu.selection.dao.TeacherDao.queryTeacherNameById - ==>  Preparing: SELECT teacher_name FROM tb_teacher WHERE teacher_id = ? 
2018-07-11 10:11:07.520 [http-nio-1314-exec-5] DEBUG com.njfu.selection.dao.TeacherDao.queryTeacherNameById - ==> Parameters: 150804205(Long)
2018-07-11 10:11:07.522 [http-nio-1314-exec-5] DEBUG com.njfu.selection.dao.TeacherDao.queryTeacherNameById - <==      Total: 1
2018-07-11 10:11:07.523 [http-nio-1314-exec-5] DEBUG com.njfu.selection.dao.TeacherDao.queryTeacherNameById - ==>  Preparing: SELECT teacher_name FROM tb_teacher WHERE teacher_id = ? 
2018-07-11 10:11:07.524 [http-nio-1314-exec-5] DEBUG com.njfu.selection.dao.TeacherDao.queryTeacherNameById - ==> Parameters: 150804205(Long)
2018-07-11 10:11:07.526 [http-nio-1314-exec-5] DEBUG com.njfu.selection.dao.TeacherDao.queryTeacherNameById - <==      Total: 1
2018-07-11 10:49:19.589 [http-nio-1314-exec-1] DEBUG com.njfu.selection.service.impl.AdminServiceImpl - <----------updateAdminEnsureDesign---------->
2018-07-11 10:49:19.595 [http-nio-1314-exec-1] DEBUG com.njfu.selection.dao.AdminDao.queryAdminPasswordById - ==>  Preparing: SELECT admin_id, admin_name, password FROM tb_admin WHERE admin_id = ? 
2018-07-11 10:49:19.597 [http-nio-1314-exec-1] DEBUG com.njfu.selection.dao.AdminDao.queryAdminPasswordById - ==> Parameters: 150804213(Long)
2018-07-11 10:49:19.606 [http-nio-1314-exec-1] DEBUG com.njfu.selection.dao.AdminDao.queryAdminPasswordById - <==      Total: 1
2018-07-11 10:49:19.607 [http-nio-1314-exec-1] DEBUG c.n.s.dao.DesignDao.queryAllDesignByEnableStatus10 - ==>  Preparing: SELECT design_id, design_name, teacher_id, create_time, file_address, file_name, enable_status FROM tb_design WHERE enable_status = -1 OR enable_status = 0 
2018-07-11 10:49:19.610 [http-nio-1314-exec-1] DEBUG c.n.s.dao.DesignDao.queryAllDesignByEnableStatus10 - ==> Parameters: 
2018-07-11 10:49:19.621 [http-nio-1314-exec-1] DEBUG c.n.s.dao.DesignDao.queryAllDesignByEnableStatus10 - <==      Total: 2
2018-07-11 10:49:19.626 [http-nio-1314-exec-1] DEBUG com.njfu.selection.dao.TeacherDao.queryTeacherNameById - ==>  Preparing: SELECT teacher_name FROM tb_teacher WHERE teacher_id = ? 
2018-07-11 10:49:19.627 [http-nio-1314-exec-1] DEBUG com.njfu.selection.dao.TeacherDao.queryTeacherNameById - ==> Parameters: 150804205(Long)
2018-07-11 10:49:19.632 [http-nio-1314-exec-1] DEBUG com.njfu.selection.dao.TeacherDao.queryTeacherNameById - <==      Total: 1
2018-07-11 10:49:19.636 [http-nio-1314-exec-1] DEBUG com.njfu.selection.dao.TeacherDao.queryTeacherNameById - ==>  Preparing: SELECT teacher_name FROM tb_teacher WHERE teacher_id = ? 
2018-07-11 10:49:19.637 [http-nio-1314-exec-1] DEBUG com.njfu.selection.dao.TeacherDao.queryTeacherNameById - ==> Parameters: 150804205(Long)
2018-07-11 10:49:19.638 [http-nio-1314-exec-1] DEBUG com.njfu.selection.dao.TeacherDao.queryTeacherNameById - <==      Total: 1
2018-07-11 11:05:22.258 [restartedMain] DEBUG com.njfu.selection.SelectionApplication - Running with Spring Boot v2.0.2.RELEASE, Spring v5.0.6.RELEASE
2018-07-11 11:15:38.305 [restartedMain] DEBUG com.njfu.selection.SelectionApplication - Running with Spring Boot v2.0.2.RELEASE, Spring v5.0.6.RELEASE
2018-07-11 11:17:31.794 [restartedMain] DEBUG com.njfu.selection.SelectionApplication - Running with Spring Boot v2.0.2.RELEASE, Spring v5.0.6.RELEASE
2018-07-11 11:39:09.888 [restartedMain] DEBUG com.njfu.selection.SelectionApplication - Running with Spring Boot v2.0.2.RELEASE, Spring v5.0.6.RELEASE
2018-07-11 11:47:47.908 [restartedMain] DEBUG com.njfu.selection.SelectionApplication - Running with Spring Boot v2.0.2.RELEASE, Spring v5.0.6.RELEASE
2018-07-11 11:48:16.352 [http-nio-1314-exec-3] DEBUG com.njfu.selection.service.impl.StudentServiceImpl - <----------studentGetTeacherDesignInfo---------->
2018-07-11 11:48:16.659 [http-nio-1314-exec-3] DEBUG c.n.selection.dao.StudentDao.queryStudentPasswordById - ==>  Preparing: SELECT student_id, student_name, password FROM tb_student WHERE student_id = ? 
2018-07-11 11:48:16.716 [http-nio-1314-exec-3] DEBUG c.n.selection.dao.StudentDao.queryStudentPasswordById - ==> Parameters: 150804214(Long)
2018-07-11 11:48:16.753 [http-nio-1314-exec-3] DEBUG c.n.selection.dao.StudentDao.queryStudentPasswordById - <==      Total: 1
2018-07-11 11:48:16.758 [http-nio-1314-exec-3] DEBUG c.n.s.dao.DesignDao.queryAllDesignByEnableStatus234 - ==>  Preparing: SELECT design_id, design_name, teacher_id, create_time, file_address, file_name, enable_status FROM tb_design WHERE enable_status = 2 OR enable_status = 3 
2018-07-11 11:48:16.759 [http-nio-1314-exec-3] DEBUG c.n.s.dao.DesignDao.queryAllDesignByEnableStatus234 - ==> Parameters: 
2018-07-11 11:48:16.765 [http-nio-1314-exec-3] DEBUG c.n.s.dao.DesignDao.queryAllDesignByEnableStatus234 - <==      Total: 2
2018-07-11 11:48:16.767 [http-nio-1314-exec-3] DEBUG com.njfu.selection.dao.TeacherDao.queryTeacherNameById - ==>  Preparing: SELECT teacher_name FROM tb_teacher WHERE teacher_id = ? 
2018-07-11 11:48:16.768 [http-nio-1314-exec-3] DEBUG com.njfu.selection.dao.TeacherDao.queryTeacherNameById - ==> Parameters: 150804205(Long)
2018-07-11 11:48:16.776 [http-nio-1314-exec-3] DEBUG com.njfu.selection.dao.TeacherDao.queryTeacherNameById - <==      Total: 1
2018-07-11 11:48:16.777 [http-nio-1314-exec-3] DEBUG com.njfu.selection.dao.TeacherDao.queryTeacherNameById - ==>  Preparing: SELECT teacher_name FROM tb_teacher WHERE teacher_id = ? 
2018-07-11 11:48:16.778 [http-nio-1314-exec-3] DEBUG com.njfu.selection.dao.TeacherDao.queryTeacherNameById - ==> Parameters: 150804205(Long)
2018-07-11 11:48:16.781 [http-nio-1314-exec-3] DEBUG com.njfu.selection.dao.TeacherDao.queryTeacherNameById - <==      Total: 1
2018-07-11 11:49:18.620 [restartedMain] DEBUG com.njfu.selection.SelectionApplication - Running with Spring Boot v2.0.2.RELEASE, Spring v5.0.6.RELEASE
2018-07-11 11:49:48.509 [http-nio-1314-exec-2] DEBUG com.njfu.selection.service.impl.StudentServiceImpl - <----------studentGetTeacherDesignInfo---------->
2018-07-11 11:49:48.794 [http-nio-1314-exec-2] DEBUG c.n.selection.dao.StudentDao.queryStudentPasswordById - ==>  Preparing: SELECT student_id, student_name, password FROM tb_student WHERE student_id = ? 
2018-07-11 11:49:48.852 [http-nio-1314-exec-2] DEBUG c.n.selection.dao.StudentDao.queryStudentPasswordById - ==> Parameters: 150804214(Long)
2018-07-11 11:49:48.885 [http-nio-1314-exec-2] DEBUG c.n.selection.dao.StudentDao.queryStudentPasswordById - <==      Total: 1
2018-07-11 11:49:48.889 [http-nio-1314-exec-2] DEBUG c.n.s.dao.DesignDao.queryAllDesignByEnableStatus234 - ==>  Preparing: SELECT design_id, design_name, teacher_id, create_time, file_address, file_name, enable_status FROM tb_design WHERE enable_status = 2 OR enable_status = 3 
2018-07-11 11:49:48.890 [http-nio-1314-exec-2] DEBUG c.n.s.dao.DesignDao.queryAllDesignByEnableStatus234 - ==> Parameters: 
2018-07-11 11:49:48.901 [http-nio-1314-exec-2] DEBUG c.n.s.dao.DesignDao.queryAllDesignByEnableStatus234 - <==      Total: 2
2018-07-11 11:49:48.903 [http-nio-1314-exec-2] DEBUG com.njfu.selection.dao.TeacherDao.queryTeacherNameById - ==>  Preparing: SELECT teacher_name FROM tb_teacher WHERE teacher_id = ? 
2018-07-11 11:49:48.905 [http-nio-1314-exec-2] DEBUG com.njfu.selection.dao.TeacherDao.queryTeacherNameById - ==> Parameters: 150804205(Long)
2018-07-11 11:49:48.912 [http-nio-1314-exec-2] DEBUG com.njfu.selection.dao.TeacherDao.queryTeacherNameById - <==      Total: 1
2018-07-11 11:49:48.913 [http-nio-1314-exec-2] DEBUG com.njfu.selection.dao.TeacherDao.queryTeacherNameById - ==>  Preparing: SELECT teacher_name FROM tb_teacher WHERE teacher_id = ? 
2018-07-11 11:49:48.914 [http-nio-1314-exec-2] DEBUG com.njfu.selection.dao.TeacherDao.queryTeacherNameById - ==> Parameters: 150804205(Long)
2018-07-11 11:49:48.917 [http-nio-1314-exec-2] DEBUG com.njfu.selection.dao.TeacherDao.queryTeacherNameById - <==      Total: 1
2018-07-11 11:49:53.491 [http-nio-1314-exec-5] DEBUG com.njfu.selection.service.impl.StudentServiceImpl - <----------studentApplyTeacherDesignInfo---------->
2018-07-11 11:49:53.536 [http-nio-1314-exec-5] DEBUG c.njfu.selection.dao.ProjectDao.queryProjectByStudentID - ==>  Preparing: SELECT project_id, design_id, student_id, create_time, file_address, file_name, enable_status FROM tb_project WHERE student_id = ? 
2018-07-11 11:49:53.537 [http-nio-1314-exec-5] DEBUG c.njfu.selection.dao.ProjectDao.queryProjectByStudentID - ==> Parameters: 150804214(Long)
2018-07-11 11:49:53.547 [http-nio-1314-exec-5] DEBUG c.njfu.selection.dao.ProjectDao.queryProjectByStudentID - <==      Total: 1
2018-07-11 12:52:22.642 [restartedMain] DEBUG com.njfu.selection.SelectionApplication - Running with Spring Boot v2.0.2.RELEASE, Spring v5.0.6.RELEASE
2018-07-11 12:53:47.171 [http-nio-1314-exec-4] DEBUG com.njfu.selection.service.impl.StudentServiceImpl - <----------findStudentPasswordById---------->
2018-07-11 12:53:47.930 [http-nio-1314-exec-4] DEBUG c.n.selection.dao.StudentDao.queryStudentPasswordById - ==>  Preparing: SELECT student_id, student_name, password FROM tb_student WHERE student_id = ? 
2018-07-11 12:53:48.002 [http-nio-1314-exec-4] DEBUG c.n.selection.dao.StudentDao.queryStudentPasswordById - ==> Parameters: 150804214(Long)
2018-07-11 12:53:48.039 [http-nio-1314-exec-4] DEBUG c.n.selection.dao.StudentDao.queryStudentPasswordById - <==      Total: 1
2018-07-11 12:53:52.340 [http-nio-1314-exec-1] DEBUG com.njfu.selection.service.impl.StudentServiceImpl - <----------studentGetTeacherDesignInfo---------->
2018-07-11 12:53:52.345 [http-nio-1314-exec-1] DEBUG c.n.selection.dao.StudentDao.queryStudentPasswordById - ==>  Preparing: SELECT student_id, student_name, password FROM tb_student WHERE student_id = ? 
2018-07-11 12:53:52.346 [http-nio-1314-exec-1] DEBUG c.n.selection.dao.StudentDao.queryStudentPasswordById - ==> Parameters: 150804214(Long)
2018-07-11 12:53:52.349 [http-nio-1314-exec-1] DEBUG c.n.selection.dao.StudentDao.queryStudentPasswordById - <==      Total: 1
2018-07-11 12:53:52.353 [http-nio-1314-exec-1] DEBUG c.n.s.dao.DesignDao.queryAllDesignByEnableStatus234 - ==>  Preparing: SELECT design_id, design_name, teacher_id, create_time, file_address, file_name, enable_status FROM tb_design WHERE enable_status = 2 OR enable_status = 3 
2018-07-11 12:53:52.355 [http-nio-1314-exec-1] DEBUG c.n.s.dao.DesignDao.queryAllDesignByEnableStatus234 - ==> Parameters: 
2018-07-11 12:53:52.360 [http-nio-1314-exec-1] DEBUG c.n.s.dao.DesignDao.queryAllDesignByEnableStatus234 - <==      Total: 2
2018-07-11 12:53:52.363 [http-nio-1314-exec-1] DEBUG com.njfu.selection.dao.TeacherDao.queryTeacherNameById - ==>  Preparing: SELECT teacher_name FROM tb_teacher WHERE teacher_id = ? 
2018-07-11 12:53:52.364 [http-nio-1314-exec-1] DEBUG com.njfu.selection.dao.TeacherDao.queryTeacherNameById - ==> Parameters: 150804205(Long)
2018-07-11 12:53:52.372 [http-nio-1314-exec-1] DEBUG com.njfu.selection.dao.TeacherDao.queryTeacherNameById - <==      Total: 1
2018-07-11 12:53:52.373 [http-nio-1314-exec-1] DEBUG com.njfu.selection.dao.TeacherDao.queryTeacherNameById - ==>  Preparing: SELECT teacher_name FROM tb_teacher WHERE teacher_id = ? 
2018-07-11 12:53:52.374 [http-nio-1314-exec-1] DEBUG com.njfu.selection.dao.TeacherDao.queryTeacherNameById - ==> Parameters: 150804205(Long)
2018-07-11 12:53:52.376 [http-nio-1314-exec-1] DEBUG com.njfu.selection.dao.TeacherDao.queryTeacherNameById - <==      Total: 1
2018-07-11 12:53:54.305 [http-nio-1314-exec-10] DEBUG com.njfu.selection.service.impl.StudentServiceImpl - <----------studentApplyTeacherDesignInfo---------->
2018-07-11 12:53:54.321 [http-nio-1314-exec-10] DEBUG c.njfu.selection.dao.ProjectDao.queryProjectByStudentID - ==>  Preparing: SELECT project_id, design_id, student_id, create_time, file_address, file_name, enable_status FROM tb_project WHERE student_id = ? 
2018-07-11 12:53:54.322 [http-nio-1314-exec-10] DEBUG c.njfu.selection.dao.ProjectDao.queryProjectByStudentID - ==> Parameters: 150804214(Long)
2018-07-11 12:53:54.332 [http-nio-1314-exec-10] DEBUG c.njfu.selection.dao.ProjectDao.queryProjectByStudentID - <==      Total: 1
2018-07-11 12:53:57.183 [http-nio-1314-exec-9] DEBUG com.njfu.selection.service.impl.StudentServiceImpl - <----------studentGetTeacherDesignInfo---------->
2018-07-11 12:53:57.185 [http-nio-1314-exec-9] DEBUG c.n.selection.dao.StudentDao.queryStudentPasswordById - ==>  Preparing: SELECT student_id, student_name, password FROM tb_student WHERE student_id = ? 
2018-07-11 12:53:57.186 [http-nio-1314-exec-9] DEBUG c.n.selection.dao.StudentDao.queryStudentPasswordById - ==> Parameters: 150804214(Long)
2018-07-11 12:53:57.189 [http-nio-1314-exec-9] DEBUG c.n.selection.dao.StudentDao.queryStudentPasswordById - <==      Total: 1
2018-07-11 12:53:57.191 [http-nio-1314-exec-9] DEBUG c.njfu.selection.dao.ProjectDao.queryProjectByStudentID - ==>  Preparing: SELECT project_id, design_id, student_id, create_time, file_address, file_name, enable_status FROM tb_project WHERE student_id = ? 
2018-07-11 12:53:57.192 [http-nio-1314-exec-9] DEBUG c.njfu.selection.dao.ProjectDao.queryProjectByStudentID - ==> Parameters: 150804214(Long)
2018-07-11 12:53:57.196 [http-nio-1314-exec-9] DEBUG c.njfu.selection.dao.ProjectDao.queryProjectByStudentID - <==      Total: 1
2018-07-11 12:54:40.340 [http-nio-1314-exec-8] DEBUG com.njfu.selection.service.impl.StudentServiceImpl - <----------studentGetTeacherDesignInfo---------->
2018-07-11 12:54:40.342 [http-nio-1314-exec-8] DEBUG c.n.selection.dao.StudentDao.queryStudentPasswordById - ==>  Preparing: SELECT student_id, student_name, password FROM tb_student WHERE student_id = ? 
2018-07-11 12:54:40.343 [http-nio-1314-exec-8] DEBUG c.n.selection.dao.StudentDao.queryStudentPasswordById - ==> Parameters: 150804214(Long)
2018-07-11 12:54:40.345 [http-nio-1314-exec-8] DEBUG c.n.selection.dao.StudentDao.queryStudentPasswordById - <==      Total: 1
2018-07-11 12:54:40.347 [http-nio-1314-exec-8] DEBUG c.njfu.selection.dao.ProjectDao.queryProjectByStudentID - ==>  Preparing: SELECT project_id, design_id, student_id, create_time, file_address, file_name, enable_status FROM tb_project WHERE student_id = ? 
2018-07-11 12:54:40.348 [http-nio-1314-exec-8] DEBUG c.njfu.selection.dao.ProjectDao.queryProjectByStudentID - ==> Parameters: 150804214(Long)
2018-07-11 12:54:40.352 [http-nio-1314-exec-8] DEBUG c.njfu.selection.dao.ProjectDao.queryProjectByStudentID - <==      Total: 1
2018-07-11 12:55:48.505 [http-nio-1314-exec-2] DEBUG com.njfu.selection.service.impl.StudentServiceImpl - <----------studentGetTeacherDesignInfo---------->
2018-07-11 12:55:48.507 [http-nio-1314-exec-2] DEBUG c.n.selection.dao.StudentDao.queryStudentPasswordById - ==>  Preparing: SELECT student_id, student_name, password FROM tb_student WHERE student_id = ? 
2018-07-11 12:55:48.508 [http-nio-1314-exec-2] DEBUG c.n.selection.dao.StudentDao.queryStudentPasswordById - ==> Parameters: 150804214(Long)
2018-07-11 12:55:48.512 [http-nio-1314-exec-2] DEBUG c.n.selection.dao.StudentDao.queryStudentPasswordById - <==      Total: 1
2018-07-11 12:55:48.514 [http-nio-1314-exec-2] DEBUG c.njfu.selection.dao.ProjectDao.queryProjectByStudentID - ==>  Preparing: SELECT project_id, design_id, student_id, create_time, file_address, file_name, enable_status FROM tb_project WHERE student_id = ? 
2018-07-11 12:55:48.515 [http-nio-1314-exec-2] DEBUG c.njfu.selection.dao.ProjectDao.queryProjectByStudentID - ==> Parameters: 150804214(Long)
2018-07-11 12:55:48.518 [http-nio-1314-exec-2] DEBUG c.njfu.selection.dao.ProjectDao.queryProjectByStudentID - <==      Total: 1
2018-07-11 13:00:03.186 [restartedMain] DEBUG com.njfu.selection.SelectionApplication - Running with Spring Boot v2.0.2.RELEASE, Spring v5.0.6.RELEASE
2018-07-11 13:00:33.103 [http-nio-1314-exec-2] DEBUG com.njfu.selection.service.impl.StudentServiceImpl - <----------studentGetTeacherDesignInfo---------->
2018-07-11 13:00:33.415 [http-nio-1314-exec-2] DEBUG c.n.selection.dao.StudentDao.queryStudentPasswordById - ==>  Preparing: SELECT student_id, student_name, password FROM tb_student WHERE student_id = ? 
2018-07-11 13:00:33.472 [http-nio-1314-exec-2] DEBUG c.n.selection.dao.StudentDao.queryStudentPasswordById - ==> Parameters: 150804214(Long)
2018-07-11 13:00:33.532 [http-nio-1314-exec-2] DEBUG c.n.selection.dao.StudentDao.queryStudentPasswordById - <==      Total: 1
2018-07-11 13:00:33.542 [http-nio-1314-exec-2] DEBUG c.njfu.selection.dao.ProjectDao.queryProjectByStudentID - ==>  Preparing: SELECT project_id, design_id, student_id, create_time, file_address, file_name, enable_status FROM tb_project WHERE student_id = ? 
2018-07-11 13:00:33.542 [http-nio-1314-exec-2] DEBUG c.njfu.selection.dao.ProjectDao.queryProjectByStudentID - ==> Parameters: 150804214(Long)
2018-07-11 13:00:33.552 [http-nio-1314-exec-2] DEBUG c.njfu.selection.dao.ProjectDao.queryProjectByStudentID - <==      Total: 1
2018-07-11 13:00:33.552 [http-nio-1314-exec-2] DEBUG c.n.selection.dao.DesignDao.queryDesignInfoByDesignId - ==>  Preparing: SELECT design_id, design_name, teacher_id, create_time, file_address, file_name, enable_status FROM tb_design WHERE design_id = ? 
2018-07-11 13:00:33.552 [http-nio-1314-exec-2] DEBUG c.n.selection.dao.DesignDao.queryDesignInfoByDesignId - ==> Parameters: 20180710174850(String)
2018-07-11 13:00:33.562 [http-nio-1314-exec-2] DEBUG c.n.selection.dao.DesignDao.queryDesignInfoByDesignId - <==      Total: 1
2018-07-11 13:00:33.562 [http-nio-1314-exec-2] DEBUG com.njfu.selection.dao.TeacherDao.queryTeacherNameById - ==>  Preparing: SELECT teacher_name FROM tb_teacher WHERE teacher_id = ? 
2018-07-11 13:00:33.562 [http-nio-1314-exec-2] DEBUG com.njfu.selection.dao.TeacherDao.queryTeacherNameById - ==> Parameters: 150804205(Long)
2018-07-11 13:00:33.572 [http-nio-1314-exec-2] DEBUG com.njfu.selection.dao.TeacherDao.queryTeacherNameById - <==      Total: 1
2018-07-11 13:05:56.875 [restartedMain] DEBUG com.njfu.selection.SelectionApplication - Running with Spring Boot v2.0.2.RELEASE, Spring v5.0.6.RELEASE
2018-07-11 13:06:55.805 [restartedMain] DEBUG com.njfu.selection.SelectionApplication - Running with Spring Boot v2.0.2.RELEASE, Spring v5.0.6.RELEASE
2018-07-11 13:07:53.154 [restartedMain] DEBUG com.njfu.selection.SelectionApplication - Running with Spring Boot v2.0.2.RELEASE, Spring v5.0.6.RELEASE
2018-07-11 13:12:23.239 [restartedMain] DEBUG com.njfu.selection.SelectionApplication - Running with Spring Boot v2.0.2.RELEASE, Spring v5.0.6.RELEASE
2018-07-11 13:14:04.285 [restartedMain] DEBUG com.njfu.selection.SelectionApplication - Running with Spring Boot v2.0.2.RELEASE, Spring v5.0.6.RELEASE
2018-07-11 13:14:34.052 [http-nio-1314-exec-3] DEBUG com.njfu.selection.service.impl.StudentServiceImpl - <----------studentGetTeacherDesignInfo---------->
2018-07-11 13:14:34.256 [http-nio-1314-exec-3] DEBUG c.n.selection.dao.StudentDao.queryStudentPasswordById - ==>  Preparing: SELECT student_id, student_name, password FROM tb_student WHERE student_id = ? 
2018-07-11 13:14:34.306 [http-nio-1314-exec-3] DEBUG c.n.selection.dao.StudentDao.queryStudentPasswordById - ==> Parameters: 150804214(Long)
2018-07-11 13:14:34.346 [http-nio-1314-exec-3] DEBUG c.n.selection.dao.StudentDao.queryStudentPasswordById - <==      Total: 1
2018-07-11 13:14:34.346 [http-nio-1314-exec-3] DEBUG c.njfu.selection.dao.ProjectDao.queryProjectByStudentID - ==>  Preparing: SELECT project_id, design_id, student_id, create_time, file_address, file_name, enable_status FROM tb_project WHERE student_id = ? 
2018-07-11 13:14:34.346 [http-nio-1314-exec-3] DEBUG c.njfu.selection.dao.ProjectDao.queryProjectByStudentID - ==> Parameters: 150804214(Long)
2018-07-11 13:14:34.356 [http-nio-1314-exec-3] DEBUG c.njfu.selection.dao.ProjectDao.queryProjectByStudentID - <==      Total: 1
2018-07-11 13:14:34.356 [http-nio-1314-exec-3] DEBUG c.n.selection.dao.DesignDao.queryDesignInfoByDesignId - ==>  Preparing: SELECT design_id, design_name, teacher_id, create_time, file_address, file_name, enable_status FROM tb_design WHERE design_id = ? 
2018-07-11 13:14:34.356 [http-nio-1314-exec-3] DEBUG c.n.selection.dao.DesignDao.queryDesignInfoByDesignId - ==> Parameters: 20180710174850(String)
2018-07-11 13:14:34.366 [http-nio-1314-exec-3] DEBUG c.n.selection.dao.DesignDao.queryDesignInfoByDesignId - <==      Total: 1
2018-07-11 13:14:34.376 [http-nio-1314-exec-3] DEBUG com.njfu.selection.dao.TeacherDao.queryTeacherNameById - ==>  Preparing: SELECT teacher_name FROM tb_teacher WHERE teacher_id = ? 
2018-07-11 13:14:34.376 [http-nio-1314-exec-3] DEBUG com.njfu.selection.dao.TeacherDao.queryTeacherNameById - ==> Parameters: 150804205(Long)
2018-07-11 13:14:34.376 [http-nio-1314-exec-3] DEBUG com.njfu.selection.dao.TeacherDao.queryTeacherNameById - <==      Total: 1
2018-07-11 13:28:02.323 [restartedMain] DEBUG com.njfu.selection.SelectionApplication - Running with Spring Boot v2.0.2.RELEASE, Spring v5.0.6.RELEASE
2018-07-11 13:29:06.908 [http-nio-1314-exec-9] DEBUG com.njfu.selection.service.impl.StudentServiceImpl - <----------studentGetTeacherDesignInfo---------->
2018-07-11 13:29:07.165 [http-nio-1314-exec-9] DEBUG c.n.selection.dao.StudentDao.queryStudentPasswordById - ==>  Preparing: SELECT student_id, student_name, password FROM tb_student WHERE student_id = ? 
2018-07-11 13:29:07.230 [http-nio-1314-exec-9] DEBUG c.n.selection.dao.StudentDao.queryStudentPasswordById - ==> Parameters: 150804214(Long)
2018-07-11 13:29:07.263 [http-nio-1314-exec-9] DEBUG c.n.selection.dao.StudentDao.queryStudentPasswordById - <==      Total: 1
2018-07-11 13:29:07.267 [http-nio-1314-exec-9] DEBUG c.njfu.selection.dao.ProjectDao.queryProjectByStudentID - ==>  Preparing: SELECT project_id, design_id, student_id, create_time, file_address, file_name, enable_status FROM tb_project WHERE student_id = ? 
2018-07-11 13:29:07.268 [http-nio-1314-exec-9] DEBUG c.njfu.selection.dao.ProjectDao.queryProjectByStudentID - ==> Parameters: 150804214(Long)
2018-07-11 13:29:07.277 [http-nio-1314-exec-9] DEBUG c.njfu.selection.dao.ProjectDao.queryProjectByStudentID - <==      Total: 1
2018-07-11 13:29:07.278 [http-nio-1314-exec-9] DEBUG c.n.selection.dao.DesignDao.queryDesignInfoByDesignId - ==>  Preparing: SELECT design_id, design_name, teacher_id, create_time, file_address, file_name, enable_status FROM tb_design WHERE design_id = ? 
2018-07-11 13:29:07.280 [http-nio-1314-exec-9] DEBUG c.n.selection.dao.DesignDao.queryDesignInfoByDesignId - ==> Parameters: 20180710174850(String)
2018-07-11 13:29:07.285 [http-nio-1314-exec-9] DEBUG c.n.selection.dao.DesignDao.queryDesignInfoByDesignId - <==      Total: 1
2018-07-11 13:29:07.288 [http-nio-1314-exec-9] DEBUG com.njfu.selection.dao.TeacherDao.queryTeacherNameById - ==>  Preparing: SELECT teacher_name FROM tb_teacher WHERE teacher_id = ? 
2018-07-11 13:29:07.289 [http-nio-1314-exec-9] DEBUG com.njfu.selection.dao.TeacherDao.queryTeacherNameById - ==> Parameters: 150804205(Long)
2018-07-11 13:29:07.296 [http-nio-1314-exec-9] DEBUG com.njfu.selection.dao.TeacherDao.queryTeacherNameById - <==      Total: 1
2018-07-11 13:32:10.673 [restartedMain] DEBUG com.njfu.selection.SelectionApplication - Running with Spring Boot v2.0.2.RELEASE, Spring v5.0.6.RELEASE
2018-07-11 13:32:37.239 [http-nio-1314-exec-2] DEBUG com.njfu.selection.service.impl.StudentServiceImpl - <----------studentGetTeacherDesignInfo---------->
2018-07-11 13:32:37.443 [http-nio-1314-exec-2] DEBUG c.n.selection.dao.StudentDao.queryStudentPasswordById - ==>  Preparing: SELECT student_id, student_name, password FROM tb_student WHERE student_id = ? 
2018-07-11 13:32:37.498 [http-nio-1314-exec-2] DEBUG c.n.selection.dao.StudentDao.queryStudentPasswordById - ==> Parameters: 150804214(Long)
2018-07-11 13:32:37.531 [http-nio-1314-exec-2] DEBUG c.n.selection.dao.StudentDao.queryStudentPasswordById - <==      Total: 1
2018-07-11 13:32:37.534 [http-nio-1314-exec-2] DEBUG c.njfu.selection.dao.ProjectDao.queryProjectByStudentID - ==>  Preparing: SELECT project_id, design_id, student_id, create_time, file_address, file_name, enable_status FROM tb_project WHERE student_id = ? 
2018-07-11 13:32:37.534 [http-nio-1314-exec-2] DEBUG c.njfu.selection.dao.ProjectDao.queryProjectByStudentID - ==> Parameters: 150804214(Long)
2018-07-11 13:32:37.538 [http-nio-1314-exec-2] DEBUG c.njfu.selection.dao.ProjectDao.queryProjectByStudentID - <==      Total: 1
2018-07-11 13:32:37.540 [http-nio-1314-exec-2] DEBUG c.n.selection.dao.DesignDao.queryDesignInfoByDesignId - ==>  Preparing: SELECT design_id, design_name, teacher_id, create_time, file_address, file_name, enable_status FROM tb_design WHERE design_id = ? 
2018-07-11 13:32:37.542 [http-nio-1314-exec-2] DEBUG c.n.selection.dao.DesignDao.queryDesignInfoByDesignId - ==> Parameters: 20180710174850(String)
2018-07-11 13:32:37.552 [http-nio-1314-exec-2] DEBUG c.n.selection.dao.DesignDao.queryDesignInfoByDesignId - <==      Total: 1
2018-07-11 13:32:37.554 [http-nio-1314-exec-2] DEBUG com.njfu.selection.dao.TeacherDao.queryTeacherNameById - ==>  Preparing: SELECT teacher_name FROM tb_teacher WHERE teacher_id = ? 
2018-07-11 13:32:37.555 [http-nio-1314-exec-2] DEBUG com.njfu.selection.dao.TeacherDao.queryTeacherNameById - ==> Parameters: 150804205(Long)
2018-07-11 13:32:37.564 [http-nio-1314-exec-2] DEBUG com.njfu.selection.dao.TeacherDao.queryTeacherNameById - <==      Total: 1
2018-07-11 13:42:33.221 [restartedMain] DEBUG com.njfu.selection.SelectionApplication - Running with Spring Boot v2.0.2.RELEASE, Spring v5.0.6.RELEASE
2018-07-11 13:43:07.844 [http-nio-1314-exec-1] DEBUG com.njfu.selection.service.impl.StudentServiceImpl - <----------studentGetTeacherDesignInfo---------->
2018-07-11 13:43:08.260 [http-nio-1314-exec-1] DEBUG c.n.selection.dao.StudentDao.queryStudentPasswordById - ==>  Preparing: SELECT student_id, student_name, password FROM tb_student WHERE student_id = ? 
2018-07-11 13:43:08.320 [http-nio-1314-exec-1] DEBUG c.n.selection.dao.StudentDao.queryStudentPasswordById - ==> Parameters: 150804214(Long)
2018-07-11 13:43:08.360 [http-nio-1314-exec-1] DEBUG c.n.selection.dao.StudentDao.queryStudentPasswordById - <==      Total: 1
2018-07-11 13:43:08.370 [http-nio-1314-exec-1] DEBUG c.njfu.selection.dao.ProjectDao.queryProjectByStudentID - ==>  Preparing: SELECT project_id, design_id, student_id, create_time, file_address, file_name, enable_status FROM tb_project WHERE student_id = ? 
2018-07-11 13:43:08.370 [http-nio-1314-exec-1] DEBUG c.njfu.selection.dao.ProjectDao.queryProjectByStudentID - ==> Parameters: 150804214(Long)
2018-07-11 13:43:08.380 [http-nio-1314-exec-1] DEBUG c.njfu.selection.dao.ProjectDao.queryProjectByStudentID - <==      Total: 1
2018-07-11 13:43:08.380 [http-nio-1314-exec-1] DEBUG c.n.selection.dao.DesignDao.queryDesignInfoByDesignId - ==>  Preparing: SELECT design_id, design_name, teacher_id, create_time, file_address, file_name, enable_status FROM tb_design WHERE design_id = ? 
2018-07-11 13:43:08.380 [http-nio-1314-exec-1] DEBUG c.n.selection.dao.DesignDao.queryDesignInfoByDesignId - ==> Parameters: 20180710174850(String)
2018-07-11 13:43:08.390 [http-nio-1314-exec-1] DEBUG c.n.selection.dao.DesignDao.queryDesignInfoByDesignId - <==      Total: 1
2018-07-11 13:43:08.390 [http-nio-1314-exec-1] DEBUG com.njfu.selection.dao.TeacherDao.queryTeacherNameById - ==>  Preparing: SELECT teacher_name FROM tb_teacher WHERE teacher_id = ? 
2018-07-11 13:43:08.390 [http-nio-1314-exec-1] DEBUG com.njfu.selection.dao.TeacherDao.queryTeacherNameById - ==> Parameters: 150804205(Long)
2018-07-11 13:43:08.400 [http-nio-1314-exec-1] DEBUG com.njfu.selection.dao.TeacherDao.queryTeacherNameById - <==      Total: 1
2018-07-11 13:43:39.042 [http-nio-1314-exec-6] DEBUG com.njfu.selection.service.impl.StudentServiceImpl - <----------studentGetTeacherDesignInfo---------->
2018-07-11 13:43:39.043 [http-nio-1314-exec-6] DEBUG c.n.selection.dao.StudentDao.queryStudentPasswordById - ==>  Preparing: SELECT student_id, student_name, password FROM tb_student WHERE student_id = ? 
2018-07-11 13:43:39.044 [http-nio-1314-exec-6] DEBUG c.n.selection.dao.StudentDao.queryStudentPasswordById - ==> Parameters: 150804214(Long)
2018-07-11 13:43:39.047 [http-nio-1314-exec-6] DEBUG c.n.selection.dao.StudentDao.queryStudentPasswordById - <==      Total: 1
2018-07-11 13:43:39.048 [http-nio-1314-exec-6] DEBUG c.njfu.selection.dao.ProjectDao.queryProjectByStudentID - ==>  Preparing: SELECT project_id, design_id, student_id, create_time, file_address, file_name, enable_status FROM tb_project WHERE student_id = ? 
2018-07-11 13:43:39.049 [http-nio-1314-exec-6] DEBUG c.njfu.selection.dao.ProjectDao.queryProjectByStudentID - ==> Parameters: 150804214(Long)
2018-07-11 13:43:39.054 [http-nio-1314-exec-6] DEBUG c.njfu.selection.dao.ProjectDao.queryProjectByStudentID - <==      Total: 1
2018-07-11 13:43:39.055 [http-nio-1314-exec-6] DEBUG c.n.selection.dao.DesignDao.queryDesignInfoByDesignId - ==>  Preparing: SELECT design_id, design_name, teacher_id, create_time, file_address, file_name, enable_status FROM tb_design WHERE design_id = ? 
2018-07-11 13:43:39.056 [http-nio-1314-exec-6] DEBUG c.n.selection.dao.DesignDao.queryDesignInfoByDesignId - ==> Parameters: 20180710174850(String)
2018-07-11 13:43:39.060 [http-nio-1314-exec-6] DEBUG c.n.selection.dao.DesignDao.queryDesignInfoByDesignId - <==      Total: 1
2018-07-11 13:43:39.061 [http-nio-1314-exec-6] DEBUG com.njfu.selection.dao.TeacherDao.queryTeacherNameById - ==>  Preparing: SELECT teacher_name FROM tb_teacher WHERE teacher_id = ? 
2018-07-11 13:43:39.062 [http-nio-1314-exec-6] DEBUG com.njfu.selection.dao.TeacherDao.queryTeacherNameById - ==> Parameters: 150804205(Long)
2018-07-11 13:43:39.067 [http-nio-1314-exec-6] DEBUG com.njfu.selection.dao.TeacherDao.queryTeacherNameById - <==      Total: 1
2018-07-11 13:45:43.268 [http-nio-1314-exec-10] DEBUG com.njfu.selection.service.impl.StudentServiceImpl - <----------studentGetTeacherDesignInfo---------->
2018-07-11 13:45:43.270 [http-nio-1314-exec-10] DEBUG c.n.selection.dao.StudentDao.queryStudentPasswordById - ==>  Preparing: SELECT student_id, student_name, password FROM tb_student WHERE student_id = ? 
2018-07-11 13:45:43.271 [http-nio-1314-exec-10] DEBUG c.n.selection.dao.StudentDao.queryStudentPasswordById - ==> Parameters: 150804214(Long)
2018-07-11 13:45:43.274 [http-nio-1314-exec-10] DEBUG c.n.selection.dao.StudentDao.queryStudentPasswordById - <==      Total: 1
2018-07-11 13:45:43.276 [http-nio-1314-exec-10] DEBUG c.njfu.selection.dao.ProjectDao.queryProjectByStudentID - ==>  Preparing: SELECT project_id, design_id, student_id, create_time, file_address, file_name, enable_status FROM tb_project WHERE student_id = ? 
2018-07-11 13:45:43.278 [http-nio-1314-exec-10] DEBUG c.njfu.selection.dao.ProjectDao.queryProjectByStudentID - ==> Parameters: 150804214(Long)
2018-07-11 13:45:43.281 [http-nio-1314-exec-10] DEBUG c.njfu.selection.dao.ProjectDao.queryProjectByStudentID - <==      Total: 1
2018-07-11 13:45:43.283 [http-nio-1314-exec-10] DEBUG c.n.selection.dao.DesignDao.queryDesignInfoByDesignId - ==>  Preparing: SELECT design_id, design_name, teacher_id, create_time, file_address, file_name, enable_status FROM tb_design WHERE design_id = ? 
2018-07-11 13:45:43.284 [http-nio-1314-exec-10] DEBUG c.n.selection.dao.DesignDao.queryDesignInfoByDesignId - ==> Parameters: 20180710174850(String)
2018-07-11 13:45:43.287 [http-nio-1314-exec-10] DEBUG c.n.selection.dao.DesignDao.queryDesignInfoByDesignId - <==      Total: 1
2018-07-11 13:45:43.289 [http-nio-1314-exec-10] DEBUG com.njfu.selection.dao.TeacherDao.queryTeacherNameById - ==>  Preparing: SELECT teacher_name FROM tb_teacher WHERE teacher_id = ? 
2018-07-11 13:45:43.290 [http-nio-1314-exec-10] DEBUG com.njfu.selection.dao.TeacherDao.queryTeacherNameById - ==> Parameters: 150804205(Long)
2018-07-11 13:45:43.292 [http-nio-1314-exec-10] DEBUG com.njfu.selection.dao.TeacherDao.queryTeacherNameById - <==      Total: 1
